2026-04-20 12:03:29,448 [Master] INFO ============================================================
2026-04-20 12:03:29,449 [Master] INFO NODO MAESTRO iniciando
2026-04-20 12:03:29,449 [Master] INFO Nombre: Node-1  IP: 192.168.200.101
2026-04-20 12:03:29,449 [Master] INFO ============================================================
2026-04-20 12:03:29,950 [Master] INFO Arrancando Provisioner…
2026-04-20 12:03:29,950 [Master] INFO   Provisioner PID=791737
2026-04-20 12:03:30,451 [Master] INFO Arrancando Sensor…
2026-04-20 12:03:30,452 [Master] INFO   Sensor PID=791739
2026-04-20 12:03:30,952 [Master] INFO Arrancando Dashboard…
2026-04-20 12:03:30,953 [Master] INFO   Dashboard PID=791743
2026-04-20 12:03:31,453 [Master] INFO Arrancando ControlPanel…
2026-04-20 12:03:31,454 [Master] INFO   ControlPanel PID=791744
2026-04-20 12:03:33,454 [Master] INFO 
2026-04-20 12:03:33,455 [Master] INFO ✅ Todos los servicios corriendo:
2026-04-20 12:03:33,455 [Master] INFO    Dashboard    → http://localhost:5000
2026-04-20 12:03:33,455 [Master] INFO    Inventario   → http://localhost:5000/inventory
2026-04-20 12:03:33,455 [Master] INFO    Panel Control→ http://localhost:5001
2026-04-20 12:03:33,455 [Master] INFO    Provisioner  → TCP :12346  (espera nodos nuevos)
2026-04-20 12:03:33,455 [Master] INFO 
2026-04-20 12:03:33,455 [Master] INFO Presiona Ctrl+C para detener todo.
2026-04-20 12:03:38,455 [Master] WARNING Dashboard murió (rc=1). Reiniciando…
2026-04-20 12:03:38,456 [Master] INFO Arrancando Dashboard…
2026-04-20 12:03:38,456 [Master] INFO   Dashboard PID=791795
2026-04-20 12:03:43,457 [Master] WARNING Dashboard murió (rc=1). Reiniciando…
2026-04-20 12:03:43,458 [Master] INFO Arrancando Dashboard…
2026-04-20 12:03:43,459 [Master] INFO   Dashboard PID=791832
2026-04-20 12:03:48,459 [Master] WARNING Dashboard murió (rc=1). Reiniciando…
2026-04-20 12:03:48,460 [Master] INFO Arrancando Dashboard…
2026-04-20 12:03:48,460 [Master] INFO   Dashboard PID=791864
2026-04-20 12:03:53,461 [Master] WARNING Dashboard murió (rc=1). Reiniciando…
2026-04-20 12:03:53,461 [Master] INFO Arrancando Dashboard…
2026-04-20 12:03:53,461 [Master] INFO   Dashboard PID=791891
2026-04-20 12:03:58,462 [Master] WARNING Dashboard murió (rc=1). Reiniciando…
2026-04-20 12:03:58,462 [Master] INFO Arrancando Dashboard…
2026-04-20 12:03:58,463 [Master] INFO   Dashboard PID=791913
2026-04-20 12:04:03,463 [Master] WARNING Dashboard murió (rc=1). Reiniciando…
2026-04-20 12:04:03,464 [Master] INFO Arrancando Dashboard…
2026-04-20 12:04:03,464 [Master] INFO   Dashboard PID=791949
2026-04-20 12:04:08,464 [Master] WARNING Dashboard murió (rc=1). Reiniciando…
2026-04-20 12:04:08,465 [Master] INFO Arrancando Dashboard…
2026-04-20 12:04:08,465 [Master] INFO   Dashboard PID=791970
2026-04-20 12:04:13,466 [Master] WARNING Dashboard murió (rc=1). Reiniciando…
2026-04-20 12:04:13,466 [Master] INFO Arrancando Dashboard…
2026-04-20 12:04:13,467 [Master] INFO   Dashboard PID=791994
2026-04-20 12:04:18,467 [Master] WARNING Dashboard murió (rc=1). Reiniciando…
2026-04-20 12:04:18,468 [Master] INFO Arrancando Dashboard…
2026-04-20 12:04:18,468 [Master] INFO   Dashboard PID=792016
2026-04-20 12:04:23,469 [Master] WARNING Dashboard murió (rc=1). Reiniciando…
2026-04-20 12:04:23,469 [Master] INFO Arrancando Dashboard…
2026-04-20 12:04:23,469 [Master] INFO   Dashboard PID=792044
2026-04-20 12:04:28,470 [Master] WARNING Dashboard murió (rc=1). Reiniciando…
2026-04-20 12:04:28,470 [Master] INFO Arrancando Dashboard…
2026-04-20 12:04:28,471 [Master] INFO   Dashboard PID=792070
2026-04-20 12:04:33,471 [Master] WARNING Dashboard murió (rc=1). Reiniciando…
2026-04-20 12:04:33,472 [Master] INFO Arrancando Dashboard…
2026-04-20 12:04:33,472 [Master] INFO   Dashboard PID=792091
2026-04-20 12:04:38,473 [Master] WARNING Dashboard murió (rc=1). Reiniciando…
2026-04-20 12:04:38,473 [Master] INFO Arrancando Dashboard…
2026-04-20 12:04:38,473 [Master] INFO   Dashboard PID=792151
2026-04-20 12:04:43,474 [Master] WARNING Dashboard murió (rc=1). Reiniciando…
2026-04-20 12:04:43,474 [Master] INFO Arrancando Dashboard…
2026-04-20 12:04:43,475 [Master] INFO   Dashboard PID=792188
2026-04-20 12:04:48,475 [Master] WARNING Dashboard murió (rc=1). Reiniciando…
2026-04-20 12:04:48,476 [Master] INFO Arrancando Dashboard…
2026-04-20 12:04:48,476 [Master] INFO   Dashboard PID=792210
2026-04-20 12:04:53,476 [Master] WARNING Dashboard murió (rc=1). Reiniciando…
2026-04-20 12:04:53,477 [Master] INFO Arrancando Dashboard…
2026-04-20 12:04:53,477 [Master] INFO   Dashboard PID=792237
2026-04-20 12:04:58,478 [Master] WARNING Dashboard murió (rc=1). Reiniciando…
2026-04-20 12:04:58,478 [Master] INFO Arrancando Dashboard…
2026-04-20 12:04:58,479 [Master] INFO   Dashboard PID=792259
2026-04-20 12:05:03,479 [Master] WARNING Dashboard murió (rc=1). Reiniciando…
2026-04-20 12:05:03,480 [Master] INFO Arrancando Dashboard…
2026-04-20 12:05:03,480 [Master] INFO   Dashboard PID=792283
2026-04-20 12:05:08,481 [Master] WARNING Dashboard murió (rc=1). Reiniciando…
2026-04-20 12:05:08,482 [Master] INFO Arrancando Dashboard…
2026-04-20 12:05:08,482 [Master] INFO   Dashboard PID=792308
2026-04-20 12:05:13,483 [Master] WARNING Dashboard murió (rc=1). Reiniciando…
2026-04-20 12:05:13,483 [Master] INFO Arrancando Dashboard…
2026-04-20 12:05:13,484 [Master] INFO   Dashboard PID=792333
2026-04-20 12:05:18,484 [Master] WARNING Dashboard murió (rc=1). Reiniciando…
2026-04-20 12:05:18,485 [Master] INFO Arrancando Dashboard…
2026-04-20 12:05:18,485 [Master] INFO   Dashboard PID=792360
2026-04-20 12:05:19,408 [Master] INFO Deteniendo todos los servicios…
2026-04-20 12:05:20,409 [Master] INFO Todo detenido.
2026-04-20 12:05:48,990 [Master] INFO ============================================================
2026-04-20 12:05:48,990 [Master] INFO NODO MAESTRO iniciando
2026-04-20 12:05:48,991 [Master] INFO Nombre: Node-1  IP: 192.168.200.101
2026-04-20 12:05:48,991 [Master] INFO ============================================================
2026-04-20 12:05:49,491 [Master] INFO Arrancando Provisioner…
2026-04-20 12:05:49,492 [Master] INFO   Provisioner PID=792545
2026-04-20 12:05:49,994 [Master] INFO Arrancando Sensor…
2026-04-20 12:05:49,995 [Master] INFO   Sensor PID=792547
2026-04-20 12:05:50,496 [Master] INFO Arrancando Dashboard…
2026-04-20 12:05:50,496 [Master] INFO   Dashboard PID=792550
2026-04-20 12:05:50,997 [Master] INFO Arrancando ControlPanel…
2026-04-20 12:05:50,998 [Master] INFO   ControlPanel PID=792557
2026-04-20 12:05:52,998 [Master] INFO 
2026-04-20 12:05:52,998 [Master] INFO ✅ Todos los servicios corriendo:
2026-04-20 12:05:52,998 [Master] INFO    Dashboard    → http://localhost:5000
2026-04-20 12:05:52,998 [Master] INFO    Inventario   → http://localhost:5000/inventory
2026-04-20 12:05:52,999 [Master] INFO    Panel Control→ http://localhost:5001
2026-04-20 12:05:52,999 [Master] INFO    Provisioner  → TCP :12346  (espera nodos nuevos)
2026-04-20 12:05:52,999 [Master] INFO 
2026-04-20 12:05:52,999 [Master] INFO Presiona Ctrl+C para detener todo.
2026-04-20 12:05:57,999 [Master] WARNING Dashboard murió (rc=1). Esperando 3s…
2026-04-20 12:06:02,086 [Master] INFO Arrancando Dashboard…
2026-04-20 12:06:02,086 [Master] INFO   Dashboard PID=792605
2026-04-20 12:06:07,086 [Master] WARNING Dashboard murió (rc=1). Esperando 3s…
2026-04-20 12:06:11,175 [Master] INFO Arrancando Dashboard…
2026-04-20 12:06:11,176 [Master] INFO   Dashboard PID=792675
2026-04-20 12:06:16,176 [Master] WARNING Dashboard murió (rc=1). Esperando 3s…
2026-04-20 12:06:20,261 [Master] INFO Arrancando Dashboard…
2026-04-20 12:06:20,262 [Master] INFO   Dashboard PID=792716
2026-04-20 12:06:25,262 [Master] WARNING Dashboard murió (rc=1). Esperando 3s…
2026-04-20 12:06:29,354 [Master] INFO Arrancando Dashboard…
2026-04-20 12:06:29,354 [Master] INFO   Dashboard PID=792799
2026-04-20 12:06:34,355 [Master] WARNING Dashboard murió (rc=1). Esperando 3s…
2026-04-20 12:06:38,449 [Master] INFO Arrancando Dashboard…
2026-04-20 12:06:38,449 [Master] INFO   Dashboard PID=792952
2026-04-20 12:06:43,449 [Master] WARNING Dashboard murió (rc=1). Esperando 3s…
2026-04-20 12:06:47,542 [Master] INFO Arrancando Dashboard…
2026-04-20 12:06:47,542 [Master] INFO   Dashboard PID=793048
2026-04-20 12:06:52,542 [Master] WARNING Dashboard murió (rc=1). Esperando 3s…
2026-04-20 12:06:56,636 [Master] INFO Arrancando Dashboard…
2026-04-20 12:06:56,636 [Master] INFO   Dashboard PID=793118
2026-04-20 12:07:01,636 [Master] WARNING Dashboard murió (rc=1). Esperando 3s…
2026-04-20 12:07:05,728 [Master] INFO Arrancando Dashboard…
2026-04-20 12:07:05,729 [Master] INFO   Dashboard PID=793187
2026-04-20 12:07:07,318 [Master] INFO Deteniendo todos los servicios…
2026-04-20 12:07:08,319 [Master] INFO Todo detenido.
2026-04-20 12:13:28,749 [Master] INFO ============================================================
2026-04-20 12:13:28,749 [Master] INFO NODO MAESTRO iniciando
2026-04-20 12:13:28,750 [Master] INFO Nombre: Node-1  IP: 192.168.200.101
2026-04-20 12:13:28,750 [Master] INFO ============================================================
2026-04-20 12:13:29,250 [Master] INFO Arrancando Provisioner…
2026-04-20 12:13:29,251 [Master] INFO   Provisioner PID=795009
2026-04-20 12:13:29,756 [Master] INFO Arrancando Sensor…
2026-04-20 12:13:29,757 [Master] INFO   Sensor PID=795011
2026-04-20 12:13:30,258 [Master] INFO Arrancando Dashboard…
2026-04-20 12:13:30,258 [Master] INFO   Dashboard PID=795014
2026-04-20 12:13:30,758 [Master] INFO Arrancando ControlPanel…
2026-04-20 12:13:30,759 [Master] INFO   ControlPanel PID=795015
2026-04-20 12:13:32,759 [Master] INFO 
2026-04-20 12:13:32,760 [Master] INFO ✅ Todos los servicios corriendo:
2026-04-20 12:13:32,760 [Master] INFO    Dashboard    → http://localhost:5000
2026-04-20 12:13:32,760 [Master] INFO    Inventario   → http://localhost:5000/inventory
2026-04-20 12:13:32,760 [Master] INFO    Panel Control→ http://localhost:5001
2026-04-20 12:13:32,760 [Master] INFO    Provisioner  → TCP :12346  (espera nodos nuevos)
2026-04-20 12:13:32,760 [Master] INFO 
2026-04-20 12:13:32,760 [Master] INFO Presiona Ctrl+C para detener todo.
2026-04-20 12:13:37,761 [Master] WARNING Dashboard murió (rc=1). Esperando 3s…
2026-04-20 12:13:41,851 [Master] INFO Arrancando Dashboard…
2026-04-20 12:13:41,852 [Master] INFO   Dashboard PID=795074
2026-04-20 12:13:46,852 [Master] WARNING Dashboard murió (rc=1). Esperando 3s…
2026-04-20 12:13:50,942 [Master] INFO Arrancando Dashboard…
2026-04-20 12:13:50,942 [Master] INFO   Dashboard PID=795124
2026-04-20 12:13:55,942 [Master] WARNING Dashboard murió (rc=1). Esperando 3s…
2026-04-20 12:14:00,031 [Master] INFO Arrancando Dashboard…
2026-04-20 12:14:00,032 [Master] INFO   Dashboard PID=795170
2026-04-20 12:14:05,032 [Master] WARNING Dashboard murió (rc=1). Esperando 3s…
2026-04-20 12:14:09,128 [Master] INFO Arrancando Dashboard…
2026-04-20 12:14:09,129 [Master] INFO   Dashboard PID=795213
2026-04-20 12:14:14,129 [Master] WARNING Dashboard murió (rc=1). Esperando 3s…
2026-04-20 12:14:18,215 [Master] INFO Arrancando Dashboard…
2026-04-20 12:14:18,216 [Master] INFO   Dashboard PID=795256
2026-04-20 12:14:23,216 [Master] WARNING Dashboard murió (rc=1). Esperando 3s…
2026-04-20 12:14:27,304 [Master] INFO Arrancando Dashboard…
2026-04-20 12:14:27,305 [Master] INFO   Dashboard PID=795302
2026-04-20 12:14:32,305 [Master] WARNING Dashboard murió (rc=1). Esperando 3s…
2026-04-20 12:14:36,398 [Master] INFO Arrancando Dashboard…
2026-04-20 12:14:36,398 [Master] INFO   Dashboard PID=795364
2026-04-20 12:14:41,399 [Master] WARNING Dashboard murió (rc=1). Esperando 3s…
2026-04-20 12:14:45,489 [Master] INFO Arrancando Dashboard…
2026-04-20 12:14:45,489 [Master] INFO   Dashboard PID=795405
2026-04-20 12:14:50,489 [Master] WARNING Dashboard murió (rc=1). Esperando 3s…
2026-04-20 12:14:54,580 [Master] INFO Arrancando Dashboard…
2026-04-20 12:14:54,581 [Master] INFO   Dashboard PID=795456
2026-04-20 12:14:59,581 [Master] WARNING Dashboard murió (rc=1). Esperando 3s…
2026-04-20 12:15:03,671 [Master] INFO Arrancando Dashboard…
2026-04-20 12:15:03,671 [Master] INFO   Dashboard PID=795509
2026-04-20 12:15:08,672 [Master] WARNING Dashboard murió (rc=1). Esperando 3s…
2026-04-20 12:15:12,761 [Master] INFO Arrancando Dashboard…
2026-04-20 12:15:12,762 [Master] INFO   Dashboard PID=795533
2026-04-20 12:15:17,762 [Master] WARNING Dashboard murió (rc=1). Esperando 3s…
2026-04-20 12:15:21,859 [Master] INFO Arrancando Dashboard…
2026-04-20 12:15:21,860 [Master] INFO   Dashboard PID=795583
2026-04-20 12:15:26,860 [Master] WARNING Dashboard murió (rc=1). Esperando 3s…
2026-04-20 12:15:30,949 [Master] INFO Arrancando Dashboard…
2026-04-20 12:15:30,950 [Master] INFO   Dashboard PID=795649
2026-04-20 12:15:35,950 [Master] WARNING Dashboard murió (rc=1). Esperando 3s…
2026-04-20 12:15:40,039 [Master] INFO Arrancando Dashboard…
2026-04-20 12:15:40,040 [Master] INFO   Dashboard PID=795698
2026-04-20 12:15:45,040 [Master] WARNING Dashboard murió (rc=1). Esperando 3s…
2026-04-20 12:15:49,126 [Master] INFO Arrancando Dashboard…
2026-04-20 12:15:49,127 [Master] INFO   Dashboard PID=795752
2026-04-20 12:15:54,127 [Master] WARNING Dashboard murió (rc=1). Esperando 3s…
2026-04-20 12:15:58,215 [Master] INFO Arrancando Dashboard…
2026-04-20 12:15:58,216 [Master] INFO   Dashboard PID=795795
2026-04-20 12:17:29,362 [Master] INFO Deteniendo todos los servicios…
2026-04-20 12:17:30,362 [Master] INFO Todo detenido.
2026-04-20 12:17:32,165 [Master] INFO ============================================================
2026-04-20 12:17:32,165 [Master] INFO NODO MAESTRO iniciando
2026-04-20 12:17:32,166 [Master] INFO Nombre: Node-1  IP: 192.168.200.101
2026-04-20 12:17:32,166 [Master] INFO ============================================================
2026-04-20 12:17:32,667 [Master] INFO Arrancando Provisioner…
2026-04-20 12:17:32,667 [Master] INFO   Provisioner PID=796424
2026-04-20 12:17:33,168 [Master] INFO Arrancando Sensor…
2026-04-20 12:17:33,169 [Master] INFO   Sensor PID=796426
2026-04-20 12:17:33,670 [Master] INFO Arrancando Dashboard…
2026-04-20 12:17:33,670 [Master] INFO   Dashboard PID=796429
2026-04-20 12:17:34,171 [Master] INFO Arrancando ControlPanel…
2026-04-20 12:17:34,172 [Master] INFO   ControlPanel PID=796430
2026-04-20 12:17:36,172 [Master] INFO 
2026-04-20 12:17:36,173 [Master] INFO ✅ Todos los servicios corriendo:
2026-04-20 12:17:36,173 [Master] INFO    Dashboard    → http://localhost:5000
2026-04-20 12:17:36,173 [Master] INFO    Inventario   → http://localhost:5000/inventory
2026-04-20 12:17:36,173 [Master] INFO    Panel Control→ http://localhost:5001
2026-04-20 12:17:36,173 [Master] INFO    Provisioner  → TCP :12346  (espera nodos nuevos)
2026-04-20 12:17:36,173 [Master] INFO 
2026-04-20 12:17:36,173 [Master] INFO Presiona Ctrl+C para detener todo.
